0 info it worked if it ends with ok
1 verbose cli [ '/usr/local/bin/node',
1 verbose cli   '/usr/local/bin/npm',
1 verbose cli   'run',
1 verbose cli   'build:prod' ]
2 info using npm@3.3.12
3 info using node@v5.1.0
4 verbose run-script [ 'prebuild:prod', 'build:prod', 'postbuild:prod' ]
5 info lifecycle pe.romix.ch@1.0.0~prebuild:prod: pe.romix.ch@1.0.0
6 silly lifecycle pe.romix.ch@1.0.0~prebuild:prod: no script for prebuild:prod, continuing
7 info lifecycle pe.romix.ch@1.0.0~build:prod: pe.romix.ch@1.0.0
8 verbose lifecycle pe.romix.ch@1.0.0~build:prod: unsafe-perm in lifecycle true
9 verbose lifecycle pe.romix.ch@1.0.0~build:prod: PATH: /usr/local/lib/node_modules/npm/bin/node-gyp-bin:/home/roman/Development/ch.romix.mpa/src/main/typescript/node_modules/.bin:/home/roman/.local/bin:/home/roman/bin:/home/roman/opt/play:/home/roman/opt/scala/bin:/usr/lib/lightdm/lightdm:/usr/local/sbin:/usr/local/bin:/usr/sbin:/usr/bin:/sbin:/bin:/usr/games:/usr/local/games:/snap/bin
10 verbose lifecycle pe.romix.ch@1.0.0~build:prod: CWD: /home/roman/Development/ch.romix.mpa/src/main/typescript
11 silly lifecycle pe.romix.ch@1.0.0~build:prod: Args: [ '-c', 'webpack --mode=production' ]
12 silly lifecycle pe.romix.ch@1.0.0~build:prod: Returned: code: 1  signal: null
13 info lifecycle pe.romix.ch@1.0.0~build:prod: Failed to exec build:prod script
14 verbose stack Error: pe.romix.ch@1.0.0 build:prod: `webpack --mode=production`
14 verbose stack Exit status 1
14 verbose stack     at EventEmitter.<anonymous> (/usr/local/lib/node_modules/npm/lib/utils/lifecycle.js:232:16)
14 verbose stack     at emitTwo (events.js:87:13)
14 verbose stack     at EventEmitter.emit (events.js:172:7)
14 verbose stack     at ChildProcess.<anonymous> (/usr/local/lib/node_modules/npm/lib/utils/spawn.js:24:14)
14 verbose stack     at emitTwo (events.js:87:13)
14 verbose stack     at ChildProcess.emit (events.js:172:7)
14 verbose stack     at maybeClose (internal/child_process.js:818:16)
14 verbose stack     at Process.ChildProcess._handle.onexit (internal/child_process.js:211:5)
15 verbose pkgid pe.romix.ch@1.0.0
16 verbose cwd /home/roman/Development/ch.romix.mpa/src/main/typescript
17 error Linux 5.4.0-40-generic
18 error argv "/usr/local/bin/node" "/usr/local/bin/npm" "run" "build:prod"
19 error node v5.1.0
20 error npm  v3.3.12
21 error code ELIFECYCLE
22 error pe.romix.ch@1.0.0 build:prod: `webpack --mode=production`
22 error Exit status 1
23 error Failed at the pe.romix.ch@1.0.0 build:prod script 'webpack --mode=production'.
23 error Make sure you have the latest version of node.js and npm installed.
23 error If you do, this is most likely a problem with the pe.romix.ch package,
23 error not with npm itself.
23 error Tell the author that this fails on your system:
23 error     webpack --mode=production
23 error You can get their info via:
23 error     npm owner ls pe.romix.ch
23 error There is likely additional logging output above.
24 verbose exit [ 1, true ]
